<?xml version="1.0" encoding="UTF-8"?>
<!-- Generated by org.testng.reporters.JUnitReportReporter -->
<testsuite hostname="DESKTOP-PL6KDKL" failures="0" tests="2" name="cucumberOptions.TestRunner" time="41.093" errors="0" timestamp="2022-02-22T15:21:35 IST" skipped="0">
  <testcase classname="cucumberOptions.TestRunner" name="runScenario" time="22.873"/>
  <system-out/>
  <testcase classname="cucumberOptions.TestRunner" name="runScenario" time="18.220"/>
  <system-out/>
</testsuite> <!-- cucumberOptions.TestRunner -->
