<?xml version="1.0" encoding="UTF-8"?>
<!-- Generated by org.testng.reporters.JUnitReportReporter -->
<testsuite hostname="DESKTOP-PL6KDKL" failures="0" tests="1" name="Freelance.ValidateNavBar" time="0.162" errors="0" timestamp="2022-02-22T15:21:35 IST" skipped="0">
  <testcase classname="Freelance.ValidateNavBar" name="CheckTextnb" time="0.162"/>
  <system-out/>
</testsuite> <!-- Freelance.ValidateNavBar -->
