<?xml version="1.0" encoding="UTF-8"?>
<!-- Generated by org.testng.reporters.JUnitReportReporter -->
<testsuite hostname="DESKTOP-PL6KDKL" failures="0" tests="3" name="Freelance.ValidateTextDisplayed" time="0.279" errors="0" timestamp="2022-02-22T15:21:35 IST" skipped="0">
  <testcase classname="Freelance.ValidateTextDisplayed" name="ValidateHeader2" time="0.082"/>
  <system-out/>
  <testcase classname="Freelance.ValidateTextDisplayed" name="ValidateTitleText" time="0.081"/>
  <system-out/>
  <testcase classname="Freelance.ValidateTextDisplayed" name="ValidateHeader" time="0.116"/>
  <system-out/>
</testsuite> <!-- Freelance.ValidateTextDisplayed -->
