<?xml version="1.0" encoding="UTF-8"?>
<!-- Generated by org.testng.reporters.JUnitReportReporter -->
<testsuite hostname="DESKTOP-PL6KDKL" failures="0" tests="2" name="Freelance.HomePageTest" time="13.349" errors="0" timestamp="2022-02-22T15:21:35 IST" skipped="0">
  <testcase classname="Freelance.HomePageTest" name="basePageNavigate" time="9.422"/>
  <system-out/>
  <testcase classname="Freelance.HomePageTest" name="basePageNavigate" time="3.927"/>
  <system-out/>
</testsuite> <!-- Freelance.HomePageTest -->
